  APS_Analise_CommandLine_win32.cpp
c:\users\paulo\documents\github\unip\aps\aps_analise\windowsversion\aps_analise_commandline_win32\aps_analise_commandline_win32\aps_analise_commandline_win32.cpp(215): error C2131: expression did not evaluate to a constant
  c:\users\paulo\documents\github\unip\aps\aps_analise\windowsversion\aps_analise_commandline_win32\aps_analise_commandline_win32\aps_analise_commandline_win32.cpp(215): note: failure was caused by non-constant arguments or reference to a non-constant symbol
  c:\users\paulo\documents\github\unip\aps\aps_analise\windowsversion\aps_analise_commandline_win32\aps_analise_commandline_win32\aps_analise_commandline_win32.cpp(215): note: see usage of 'totalExec'
c:\users\paulo\documents\github\unip\aps\aps_analise\windowsversion\aps_analise_commandline_win32\aps_analise_commandline_win32\aps_analise_commandline_win32.cpp(216): error C2131: expression did not evaluate to a constant
  c:\users\paulo\documents\github\unip\aps\aps_analise\windowsversion\aps_analise_commandline_win32\aps_analise_commandline_win32\aps_analise_commandline_win32.cpp(216): note: failure was caused by non-constant arguments or reference to a non-constant symbol
  c:\users\paulo\documents\github\unip\aps\aps_analise\windowsversion\aps_analise_commandline_win32\aps_analise_commandline_win32\aps_analise_commandline_win32.cpp(216): note: see usage of 'totalExec'
c:\users\paulo\documents\github\unip\aps\aps_analise\windowsversion\aps_analise_commandline_win32\aps_analise_commandline_win32\aps_analise_commandline_win32.cpp(217): error C2131: expression did not evaluate to a constant
  c:\users\paulo\documents\github\unip\aps\aps_analise\windowsversion\aps_analise_commandline_win32\aps_analise_commandline_win32\aps_analise_commandline_win32.cpp(217): note: failure was caused by non-constant arguments or reference to a non-constant symbol
  c:\users\paulo\documents\github\unip\aps\aps_analise\windowsversion\aps_analise_commandline_win32\aps_analise_commandline_win32\aps_analise_commandline_win32.cpp(217): note: see usage of 'totalExec'
c:\users\paulo\documents\github\unip\aps\aps_analise\windowsversion\aps_analise_commandline_win32\aps_analise_commandline_win32\aps_analise_commandline_win32.cpp(223): error C2664: 'void criaVetorRandomico(int,int [])': cannot convert argument 2 from 'int [totalExec][tamanho]' to 'int []'
  c:\users\paulo\documents\github\unip\aps\aps_analise\windowsversion\aps_analise_commandline_win32\aps_analise_commandline_win32\aps_analise_commandline_win32.cpp(223): note: Types pointed to are unrelated; conversion requires reinterpret_cast, C-style cast or function-style cast
c:\users\paulo\documents\github\unip\aps\aps_analise\windowsversion\aps_analise_commandline_win32\aps_analise_commandline_win32\aps_analise_commandline_win32.cpp(227): error C2664: 'void criaVetorRandomico(int,int [])': cannot convert argument 2 from 'int [totalExec][tamanho]' to 'int []'
  c:\users\paulo\documents\github\unip\aps\aps_analise\windowsversion\aps_analise_commandline_win32\aps_analise_commandline_win32\aps_analise_commandline_win32.cpp(227): note: Types pointed to are unrelated; conversion requires reinterpret_cast, C-style cast or function-style cast
c:\users\paulo\documents\github\unip\aps\aps_analise\windowsversion\aps_analise_commandline_win32\aps_analise_commandline_win32\aps_analise_commandline_win32.cpp(231): error C2664: 'void criaVetorRandomico(int,int [])': cannot convert argument 2 from 'int [totalExec][tamanho]' to 'int []'
  c:\users\paulo\documents\github\unip\aps\aps_analise\windowsversion\aps_analise_commandline_win32\aps_analise_commandline_win32\aps_analise_commandline_win32.cpp(231): note: Types pointed to are unrelated; conversion requires reinterpret_cast, C-style cast or function-style cast
c:\users\paulo\documents\github\unip\aps\aps_analise\windowsversion\aps_analise_commandline_win32\aps_analise_commandline_win32\aps_analise_commandline_win32.cpp(302): error C2664: 'std::thread BubbleSort::avaliaTempo(int *,int)': cannot convert argument 1 from 'int [totalExec][tamanho]' to 'int *'
  c:\users\paulo\documents\github\unip\aps\aps_analise\windowsversion\aps_analise_commandline_win32\aps_analise_commandline_win32\aps_analise_commandline_win32.cpp(302): note: Types pointed to are unrelated; conversion requires reinterpret_cast, C-style cast or function-style cast
c:\users\paulo\documents\github\unip\aps\aps_analise\windowsversion\aps_analise_commandline_win32\aps_analise_commandline_win32\aps_analise_commandline_win32.cpp(310): error C2664: 'std::thread BubbleSort::avaliaTicks(int *,int)': cannot convert argument 1 from 'int [totalExec][tamanho]' to 'int *'
  c:\users\paulo\documents\github\unip\aps\aps_analise\windowsversion\aps_analise_commandline_win32\aps_analise_commandline_win32\aps_analise_commandline_win32.cpp(310): note: Types pointed to are unrelated; conversion requires reinterpret_cast, C-style cast or function-style cast
c:\users\paulo\documents\github\unip\aps\aps_analise\windowsversion\aps_analise_commandline_win32\aps_analise_commandline_win32\aps_analise_commandline_win32.cpp(314): error C2664: 'std::thread BubbleSort::avaliaCiclos(int *,int)': cannot convert argument 1 from 'int [totalExec][tamanho]' to 'int *'
  c:\users\paulo\documents\github\unip\aps\aps_analise\windowsversion\aps_analise_commandline_win32\aps_analise_commandline_win32\aps_analise_commandline_win32.cpp(314): note: Types pointed to are unrelated; conversion requires reinterpret_cast, C-style cast or function-style cast
c:\users\paulo\documents\github\unip\aps\aps_analise\windowsversion\aps_analise_commandline_win32\aps_analise_commandline_win32\aps_analise_commandline_win32.cpp(324): error C2664: 'std::thread QuickSort::avaliaTempo(int *,int)': cannot convert argument 1 from 'int [totalExec][tamanho]' to 'int *'
  c:\users\paulo\documents\github\unip\aps\aps_analise\windowsversion\aps_analise_commandline_win32\aps_analise_commandline_win32\aps_analise_commandline_win32.cpp(324): note: Types pointed to are unrelated; conversion requires reinterpret_cast, C-style cast or function-style cast
c:\users\paulo\documents\github\unip\aps\aps_analise\windowsversion\aps_analise_commandline_win32\aps_analise_commandline_win32\aps_analise_commandline_win32.cpp(332): error C2664: 'std::thread QuickSort::avaliaTicks(int *,int)': cannot convert argument 1 from 'int [totalExec][tamanho]' to 'int *'
  c:\users\paulo\documents\github\unip\aps\aps_analise\windowsversion\aps_analise_commandline_win32\aps_analise_commandline_win32\aps_analise_commandline_win32.cpp(332): note: Types pointed to are unrelated; conversion requires reinterpret_cast, C-style cast or function-style cast
c:\users\paulo\documents\github\unip\aps\aps_analise\windowsversion\aps_analise_commandline_win32\aps_analise_commandline_win32\aps_analise_commandline_win32.cpp(336): error C2664: 'std::thread QuickSort::avaliaCiclos(int *,int)': cannot convert argument 1 from 'int [totalExec][tamanho]' to 'int *'
  c:\users\paulo\documents\github\unip\aps\aps_analise\windowsversion\aps_analise_commandline_win32\aps_analise_commandline_win32\aps_analise_commandline_win32.cpp(336): note: Types pointed to are unrelated; conversion requires reinterpret_cast, C-style cast or function-style cast
c:\users\paulo\documents\github\unip\aps\aps_analise\windowsversion\aps_analise_commandline_win32\aps_analise_commandline_win32\aps_analise_commandline_win32.cpp(345): error C2664: 'std::thread MergeSort::avaliaTempo(int *,int,int,int)': cannot convert argument 1 from 'int [totalExec][tamanho]' to 'int *'
  c:\users\paulo\documents\github\unip\aps\aps_analise\windowsversion\aps_analise_commandline_win32\aps_analise_commandline_win32\aps_analise_commandline_win32.cpp(345): note: Types pointed to are unrelated; conversion requires reinterpret_cast, C-style cast or function-style cast
c:\users\paulo\documents\github\unip\aps\aps_analise\windowsversion\aps_analise_commandline_win32\aps_analise_commandline_win32\aps_analise_commandline_win32.cpp(349): error C2664: 'std::thread MergeSort::avaliaTicks(int *,int,int,int)': cannot convert argument 1 from 'int [totalExec][tamanho]' to 'int *'
  c:\users\paulo\documents\github\unip\aps\aps_analise\windowsversion\aps_analise_commandline_win32\aps_analise_commandline_win32\aps_analise_commandline_win32.cpp(349): note: Types pointed to are unrelated; conversion requires reinterpret_cast, C-style cast or function-style cast
c:\users\paulo\documents\github\unip\aps\aps_analise\windowsversion\aps_analise_commandline_win32\aps_analise_commandline_win32\aps_analise_commandline_win32.cpp(351): error C2664: 'std::thread MergeSort::avaliaCiclos(int *,int,int,int)': cannot convert argument 1 from 'int [totalExec][tamanho]' to 'int *'
  c:\users\paulo\documents\github\unip\aps\aps_analise\windowsversion\aps_analise_commandline_win32\aps_analise_commandline_win32\aps_analise_commandline_win32.cpp(351): note: Types pointed to are unrelated; conversion requires reinterpret_cast, C-style cast or function-style cast
c:\users\paulo\documents\github\unip\aps\aps_analise\windowsversion\aps_analise_commandline_win32\aps_analise_commandline_win32\aps_analise_commandline_win32.cpp(373): error C2131: expression did not evaluate to a constant
  c:\users\paulo\documents\github\unip\aps\aps_analise\windowsversion\aps_analise_commandline_win32\aps_analise_commandline_win32\aps_analise_commandline_win32.cpp(373): note: failure was caused by non-constant arguments or reference to a non-constant symbol
  c:\users\paulo\documents\github\unip\aps\aps_analise\windowsversion\aps_analise_commandline_win32\aps_analise_commandline_win32\aps_analise_commandline_win32.cpp(373): note: see usage of 'tamanho'
